This is pdfTeX, Version 3.141592653-2.6-1.40.24 (TeX Live 2022) (preloaded format=pdflatex 2022.8.21)  28 OCT 2022 14:51
entering extended mode
 restricted \write18 enabled.
 %&-line parsing enabled.
**/home/joel/Dropbox/MASTER_BIOSTAT/MASTER_THESIS/DifferentialRegulation/report/chapter02.tex
(/home/joel/Dropbox/MASTER_BIOSTAT/MASTER_THESIS/DifferentialRegulation/report/chapter02.tex
LaTeX2e <2022-06-01> patch level 5
L3 programming layer <2022-08-05>
! Undefined control sequence.
l.4 \chapter
            {Methods} 
Here is how much of TeX's memory you used:
 17 strings out of 479638
 623 string characters out of 5878586
 294804 words of memory out of 5000000
 18662 multiletter control sequences out of 15000+600000
 469259 words of font info for 28 fonts, out of 8000000 for 9000
 14 hyphenation exceptions out of 8191
 13i,0n,12p,150b,10s stack positions out of 10000i,1000n,20000p,200000b,200000s

!  ==> Fatal error occurred, no output PDF file produced!
