\BOOKMARK [0][-]{chapter*.2}{Preface}{}% 1
\BOOKMARK [0][-]{chapter*.3}{Abstract}{}% 2
\BOOKMARK [0][-]{chapter.1}{Introduction}{}% 3
\BOOKMARK [1][-]{section.1.1}{RNA sequencing}{chapter.1}% 4
\BOOKMARK [1][-]{section.1.2}{Objective}{chapter.1}% 5
\BOOKMARK [0][-]{chapter.2}{Methods}{}% 6
\BOOKMARK [1][-]{section.2.1}{DEXSeq}{chapter.2}% 7
\BOOKMARK [1][-]{section.2.2}{minnow}{chapter.2}% 8
\BOOKMARK [1][-]{section.2.3}{Classification measurements}{chapter.2}% 9
\BOOKMARK [1][-]{section.2.4}{ROC curve}{chapter.2}% 10
\BOOKMARK [1][-]{section.2.5}{TPR v. FDR curves}{chapter.2}% 11
\BOOKMARK [1][-]{section.2.6}{Differential regulation}{chapter.2}% 12
\BOOKMARK [0][-]{chapter.3}{Results}{}% 13
\BOOKMARK [1][-]{section.3.1}{Exploratory Data Analysis}{chapter.3}% 14
\BOOKMARK [1][-]{section.3.2}{Simulation study}{chapter.3}% 15
\BOOKMARK [1][-]{section.3.3}{Null data analysis on the mouse kidney data}{chapter.3}% 16
\BOOKMARK [1][-]{section.3.4}{Computational benchmark}{chapter.3}% 17
\BOOKMARK [1][-]{section.3.5}{Data availability}{chapter.3}% 18
\BOOKMARK [1][-]{section.3.6}{Code availability}{chapter.3}% 19
\BOOKMARK [0][-]{chapter.4}{Discussion}{}% 20
\BOOKMARK [1][-]{section.4.1}{Conclusion}{chapter.4}% 21
\BOOKMARK [1][-]{section.4.2}{Outlook}{chapter.4}% 22
\BOOKMARK [0][-]{appendix.A}{Figures}{}% 23
\BOOKMARK [0][-]{section*.12}{Bibliography}{}% 24
